<?xml version="1.0" encoding="UTF-8"?>
<testsuites name="00-Signup and Account Activation" time="327.003" tests="5" failures="0" errors="0">
   <testsuite name="00-Signup and Account Activation" tests="5" failures="0" errors="0" time="327.003" skipped="0" timestamp="2022-03-04 15:27:19" hostname="User - DESKTOP-QCRNR4M" id="Test Suites/TS-Organization/00-Signup and Account Activation">
      <properties>
         <property name="deviceName" value=""/>
         <property name="devicePlatform" value=""/>
         <property name="logFolder" value="C:\\Users\\User\\Katalon Studio\\EverleaguesMain\\Reports\\20220304_152717\\TS-Organization\\00-Signup and Account Activation\\20220304_152717"/>
         <property name="logFiles" value="C:\\Users\\User\\Katalon Studio\\EverleaguesMain\\Reports\\20220304_152717\\TS-Organization\\00-Signup and Account Activation\\20220304_152717\\execution0.log"/>
         <property name="attachments" value=""/>
         <property name="hostName" value="User - DESKTOP-QCRNR4M"/>
         <property name="os" value="Windows 10 64bit"/>
         <property name="katalonVersion" value="8.2.5.208"/>
         <property name="browser" value="Chrome 98.0.4758.102"/>
         <property name="hostAddress" value="192.168.5.53"/>
         <property name="sessionId" value="be3cb36d3378632376f400e2a8026342"/>
         <property name="seleniumVersion" value="3.141.59"/>
         <property name="proxyInformation" value="ProxyInformation { proxyOption=NO_PROXY, proxyServerType=HTTP, username=, password=********, proxyServerAddress=, proxyServerPort=0, executionList=&quot;&quot;, isApplyToDesiredCapabilities=true }"/>
         <property name="platform" value="Windows 10"/>
      </properties>
      <testcase name="Test Cases/00-SignUp and Account Activation/01-Signup(Credentials Blank)" time="49.588" classname="Test Cases/00-SignUp and Account Activation/01-Signup(Credentials Blank)" status="PASSED">
         <system-out><![CDATA[2022-03-04 15:27:19 - [TEST_CASE][PASSED] - Test Cases/00-SignUp and Account Activation/01-Signup(Credentials Blank): Test Cases/00-SignUp and Account Activation/01-Signup(Credentials Blank)

2022-03-04 15:27:19 - [TEST_STEP][PASSED] - openBrowser(""): Browser is opened with url: ''

2022-03-04 15:27:20 - [MESSAGE][INFO] - Starting 'Chrome' driver

2022-03-04 15:27:20 - [MESSAGE][INFO] - Action delay is set to 0 milliseconds

2022-03-04 15:27:22 - [MESSAGE][PASSED] - Browser is opened with url: ''

2022-03-04 15:27:22 - [TEST_STEP][PASSED] - maximizeWindow(): Current window maximized

2022-03-04 15:27:22 - [MESSAGE][PASSED] - Current window maximized

2022-03-04 15:27:22 - [TEST_STEP][PASSED] - navigateToUrl("https://lab.everleagues.com/"): Navigate to 'https://lab.everleagues.com/' successfully

2022-03-04 15:27:58 - [MESSAGE][PASSED] - Navigate to 'https://lab.everleagues.com/' successfully

2022-03-04 15:27:58 - [TEST_STEP][PASSED] - click(findTestObject("00-Signup and Activation/span_Sign up")): Object: 'Object Repository/00-Signup and Activation/span_Sign up' is clicked on

2022-03-04 15:27:59 - [MESSAGE][PASSED] - Object: 'Object Repository/00-Signup and Activation/span_Sign up' is clicked on

2022-03-04 15:27:59 - [TEST_STEP][PASSED] - delay(3): Delayed 3 second(s)

2022-03-04 15:28:02 - [MESSAGE][PASSED] - Delayed 3 second(s)

2022-03-04 15:28:02 - [TEST_STEP][PASSED] - verifyElementVisible(findTestObject("00-Signup and Activation/div_Already have an account Log In")): Object 'Object Repository/00-Signup and Activation/div_Already have an account Log In' is visible

2022-03-04 15:28:02 - [MESSAGE][PASSED] - Object 'Object Repository/00-Signup and Activation/div_Already have an account Log In' is visible

2022-03-04 15:28:02 - [TEST_STEP][PASSED] - delay(3): Delayed 3 second(s)

2022-03-04 15:28:05 - [MESSAGE][PASSED] - Delayed 3 second(s)

2022-03-04 15:28:05 - [TEST_STEP][PASSED] - verifyElementNotClickable(findTestObject("00-Signup and Activation/button_Sign up")): Object 'Object Repository/00-Signup and Activation/button_Sign up' is NOT clickable

2022-03-04 15:28:06 - [MESSAGE][PASSED] - Object 'Object Repository/00-Signup and Activation/button_Sign up' is NOT clickable

2022-03-04 15:28:06 - [TEST_STEP][PASSED] - delay(3): Delayed 3 second(s)

2022-03-04 15:28:09 - [MESSAGE][PASSED] - Delayed 3 second(s)]]></system-out>
         <system-err><![CDATA[]]></system-err>
      </testcase>
      <testcase name="Test Cases/00-SignUp and Account Activation/02-Signup(Wrong email)" time="10.149" classname="Test Cases/00-SignUp and Account Activation/02-Signup(Wrong email)" status="PASSED">
         <system-out><![CDATA[2022-03-04 15:28:09 - [TEST_CASE][PASSED] - Test Cases/00-SignUp and Account Activation/02-Signup(Wrong email): Test Cases/00-SignUp and Account Activation/02-Signup(Wrong email)

2022-03-04 15:28:09 - [TEST_STEP][PASSED] - delay(3): Delayed 3 second(s)

2022-03-04 15:28:12 - [MESSAGE][PASSED] - Delayed 3 second(s)

2022-03-04 15:28:12 - [TEST_STEP][PASSED] - setText(findTestObject("00-Signup and Activation/input_Email"), "QATESTinvalidemailformat"): Text 'QATESTinvalidemailformat' is set on object 'Object Repository/00-Signup and Activation/input_Email'

2022-03-04 15:28:13 - [MESSAGE][PASSED] - Text 'QATESTinvalidemailformat' is set on object 'Object Repository/00-Signup and Activation/input_Email'

2022-03-04 15:28:13 - [TEST_STEP][PASSED] - delay(2): Delayed 2 second(s)

2022-03-04 15:28:15 - [MESSAGE][PASSED] - Delayed 2 second(s)

2022-03-04 15:28:15 - [TEST_STEP][PASSED] - click(findTestObject("00-Signup and Activation/input_firstName")): Object: 'Object Repository/00-Signup and Activation/input_firstName' is clicked on

2022-03-04 15:28:16 - [MESSAGE][PASSED] - Object: 'Object Repository/00-Signup and Activation/input_firstName' is clicked on

2022-03-04 15:28:16 - [TEST_STEP][PASSED] - verifyElementPresent(findTestObject("00-Signup and Activation/error_valid email is required"), 0): Object 'Object Repository/00-Signup and Activation/error_valid email is required' is present

2022-03-04 15:28:16 - [MESSAGE][WARNING] - Timeout '0' is invalid. Using default page load timeout: '30'

2022-03-04 15:28:16 - [MESSAGE][PASSED] - Object 'Object Repository/00-Signup and Activation/error_valid email is required' is present

2022-03-04 15:28:16 - [TEST_STEP][PASSED] - delay(0): Delayed 0 second(s)

2022-03-04 15:28:16 - [MESSAGE][PASSED] - Delayed 0 second(s)

2022-03-04 15:28:16 - [TEST_STEP][PASSED] - setText(findTestObject("00-Signup and Activation/input_Email"), "testuser01@mailinator.com"): Text 'testuser01@mailinator.com' is set on object 'Object Repository/00-Signup and Activation/input_Email'

2022-03-04 15:28:17 - [MESSAGE][PASSED] - Text 'testuser01@mailinator.com' is set on object 'Object Repository/00-Signup and Activation/input_Email'

2022-03-04 15:28:17 - [TEST_STEP][PASSED] - delay(0): Delayed 0 second(s)

2022-03-04 15:28:17 - [MESSAGE][PASSED] - Delayed 0 second(s)

2022-03-04 15:28:17 - [TEST_STEP][PASSED] - click(findTestObject("00-Signup and Activation/input_firstName")): Object: 'Object Repository/00-Signup and Activation/input_firstName' is clicked on

2022-03-04 15:28:18 - [MESSAGE][PASSED] - Object: 'Object Repository/00-Signup and Activation/input_firstName' is clicked on

2022-03-04 15:28:18 - [TEST_STEP][PASSED] - verifyElementVisible(findTestObject("00-Signup and Activation/error_email already exists")): Object 'Object Repository/00-Signup and Activation/error_email already exists' is visible

2022-03-04 15:28:19 - [MESSAGE][PASSED] - Object 'Object Repository/00-Signup and Activation/error_email already exists' is visible

2022-03-04 15:28:19 - [TEST_STEP][PASSED] - delay(0): Delayed 0 second(s)

2022-03-04 15:28:19 - [MESSAGE][PASSED] - Delayed 0 second(s)]]></system-out>
         <system-err><![CDATA[]]></system-err>
      </testcase>
      <testcase name="Test Cases/00-SignUp and Account Activation/03-Signup(Correct Details)" time="10.459" classname="Test Cases/00-SignUp and Account Activation/03-Signup(Correct Details)" status="PASSED">
         <system-out><![CDATA[2022-03-04 15:28:19 - [TEST_CASE][PASSED] - Test Cases/00-SignUp and Account Activation/03-Signup(Correct Details): Test Cases/00-SignUp and Account Activation/03-Signup(Correct Details)

2022-03-04 15:28:19 - [TEST_STEP][PASSED] - delay(2): Delayed 2 second(s)

2022-03-04 15:28:21 - [MESSAGE][PASSED] - Delayed 2 second(s)

2022-03-04 15:28:21 - [TEST_STEP][PASSED] - setText(findTestObject("00-Signup and Activation/input_Email"), "autotester13@mailinator.com"): Text 'autotester13@mailinator.com' is set on object 'Object Repository/00-Signup and Activation/input_Email'

2022-03-04 15:28:22 - [MESSAGE][PASSED] - Text 'autotester13@mailinator.com' is set on object 'Object Repository/00-Signup and Activation/input_Email'

2022-03-04 15:28:22 - [TEST_STEP][PASSED] - setText(findTestObject("00-Signup and Activation/input_firstName"), "GG"): Text 'GG' is set on object 'Object Repository/00-Signup and Activation/input_firstName'

2022-03-04 15:28:23 - [MESSAGE][PASSED] - Text 'GG' is set on object 'Object Repository/00-Signup and Activation/input_firstName'

2022-03-04 15:28:23 - [TEST_STEP][PASSED] - setText(findTestObject("00-Signup and Activation/input_lastName"), "tester"): Text 'tester' is set on object 'Object Repository/00-Signup and Activation/input_lastName'

2022-03-04 15:28:24 - [MESSAGE][PASSED] - Text 'tester' is set on object 'Object Repository/00-Signup and Activation/input_lastName'

2022-03-04 15:28:24 - [TEST_STEP][PASSED] - delay(2): Delayed 2 second(s)

2022-03-04 15:28:26 - [MESSAGE][PASSED] - Delayed 2 second(s)

2022-03-04 15:28:26 - [TEST_STEP][PASSED] - click(findTestObject("Object Repository/00-Signup and Activation/button_Sign up")): Object: 'Object Repository/00-Signup and Activation/button_Sign up' is clicked on

2022-03-04 15:28:27 - [MESSAGE][PASSED] - Object: 'Object Repository/00-Signup and Activation/button_Sign up' is clicked on

2022-03-04 15:28:27 - [TEST_STEP][PASSED] - delay(2): Delayed 2 second(s)

2022-03-04 15:28:29 - [MESSAGE][PASSED] - Delayed 2 second(s)

2022-03-04 15:28:29 - [TEST_STEP][PASSED] - closeBrowser(): Browser is closed

2022-03-04 15:28:29 - [MESSAGE][PASSED] - Browser is closed]]></system-out>
         <system-err><![CDATA[]]></system-err>
      </testcase>
      <testcase name="Test Cases/00-SignUp and Account Activation/04-Account Activation" time="18.643" classname="Test Cases/00-SignUp and Account Activation/04-Account Activation" status="PASSED">
         <system-out><![CDATA[2022-03-04 15:28:29 - [TEST_CASE][PASSED] - Test Cases/00-SignUp and Account Activation/04-Account Activation: Test Cases/00-SignUp and Account Activation/04-Account Activation

2022-03-04 15:28:30 - [TEST_STEP][PASSED] - delay(3): Delayed 3 second(s)

2022-03-04 15:28:33 - [MESSAGE][PASSED] - Delayed 3 second(s)

2022-03-04 15:28:33 - [TEST_STEP][PASSED] - openBrowser(""): Browser is opened with url: ''

2022-03-04 15:28:33 - [MESSAGE][INFO] - Starting 'Chrome' driver

2022-03-04 15:28:33 - [MESSAGE][INFO] - Action delay is set to 0 milliseconds

2022-03-04 15:28:34 - [MESSAGE][PASSED] - Browser is opened with url: ''

2022-03-04 15:28:34 - [TEST_STEP][PASSED] - maximizeWindow(): Current window maximized

2022-03-04 15:28:34 - [MESSAGE][PASSED] - Current window maximized

2022-03-04 15:28:34 - [TEST_STEP][PASSED] - navigateToUrl("https://www.mailinator.com/"): Navigate to 'https://www.mailinator.com/' successfully

2022-03-04 15:28:36 - [MESSAGE][PASSED] - Navigate to 'https://www.mailinator.com/' successfully

2022-03-04 15:28:36 - [TEST_STEP][PASSED] - delay(3): Delayed 3 second(s)

2022-03-04 15:28:39 - [MESSAGE][PASSED] - Delayed 3 second(s)

2022-03-04 15:28:39 - [TEST_STEP][PASSED] - setText(findTestObject("00-Signup and Activation/zMailinator/input_LOGIN_search"), "autotester13@mailinator.com"): Text 'autotester13@mailinator.com' is set on object 'Object Repository/00-Signup and Activation/zMailinator/input_LOGIN_search'

2022-03-04 15:28:40 - [MESSAGE][PASSED] - Text 'autotester13@mailinator.com' is set on object 'Object Repository/00-Signup and Activation/zMailinator/input_LOGIN_search'

2022-03-04 15:28:40 - [TEST_STEP][PASSED] - click(findTestObject("00-Signup and Activation/zMailinator/gobutton"), STOP_ON_FAILURE): Object: 'Object Repository/00-Signup and Activation/zMailinator/gobutton' is clicked on

2022-03-04 15:28:41 - [MESSAGE][PASSED] - Object: 'Object Repository/00-Signup and Activation/zMailinator/gobutton' is clicked on

2022-03-04 15:28:41 - [TEST_STEP][PASSED] - delay(3): Delayed 3 second(s)

2022-03-04 15:28:44 - [MESSAGE][PASSED] - Delayed 3 second(s)

2022-03-04 15:28:44 - [TEST_STEP][PASSED] - click(findTestObject("00-Signup and Activation/zMailinator/Email - everleagues")): Object: 'Object Repository/00-Signup and Activation/zMailinator/Email - everleagues' is clicked on

2022-03-04 15:28:44 - [MESSAGE][PASSED] - Object: 'Object Repository/00-Signup and Activation/zMailinator/Email - everleagues' is clicked on

2022-03-04 15:28:44 - [TEST_STEP][PASSED] - delay(3): Delayed 3 second(s)

2022-03-04 15:28:47 - [MESSAGE][PASSED] - Delayed 3 second(s)

2022-03-04 15:28:47 - [TEST_STEP][PASSED] - click(findTestObject("00-Signup and Activation/zMailinator/a_Activation link")): Object: 'Object Repository/00-Signup and Activation/zMailinator/a_Activation link' is clicked on

2022-03-04 15:28:48 - [MESSAGE][PASSED] - Object: 'Object Repository/00-Signup and Activation/zMailinator/a_Activation link' is clicked on]]></system-out>
         <system-err><![CDATA[]]></system-err>
      </testcase>
      <testcase name="Test Cases/00-SignUp and Account Activation/05-Set password" time="237.85" classname="Test Cases/00-SignUp and Account Activation/05-Set password" status="PASSED">
         <system-out><![CDATA[2022-03-04 15:28:48 - [TEST_CASE][PASSED] - Test Cases/00-SignUp and Account Activation/05-Set password: Test Cases/00-SignUp and Account Activation/05-Set password

2022-03-04 15:28:48 - [TEST_STEP][PASSED] - delay(3): Delayed 3 second(s)

2022-03-04 15:28:51 - [MESSAGE][PASSED] - Delayed 3 second(s)

2022-03-04 15:28:51 - [TEST_STEP][PASSED] - closeWindowTitle("Mailinator"): Window with title: 'Mailinator' is closed

2022-03-04 15:28:51 - [MESSAGE][PASSED] - Window with title: 'Mailinator' is closed

2022-03-04 15:28:51 - [TEST_STEP][PASSED] - delay(2): Delayed 2 second(s)

2022-03-04 15:28:53 - [MESSAGE][PASSED] - Delayed 2 second(s)

2022-03-04 15:28:53 - [TEST_STEP][PASSED] - switchToWindowIndex(0): Switched to window with index: '0'

2022-03-04 15:28:53 - [MESSAGE][PASSED] - Switched to window with index: '0'

2022-03-04 15:28:53 - [TEST_STEP][PASSED] - setEncryptedText(findTestObject("00-Signup and Activation/input_password"), "8yFRyszE6U6jvsCn51OQbg==", STOP_ON_FAILURE): Text ****** has been set on object 'Object Repository/00-Signup and Activation/input_password'

2022-03-04 15:32:17 - [MESSAGE][PASSED] - Text ****** has been set on object 'Object Repository/00-Signup and Activation/input_password'

2022-03-04 15:32:17 - [TEST_STEP][PASSED] - setEncryptedText(findTestObject("00-Signup and Activation/input_ConfirmPassword"), "8yFRyszE6U6jvsCn51OQbg==", STOP_ON_FAILURE): Text ****** has been set on object 'Object Repository/00-Signup and Activation/input_ConfirmPassword'

2022-03-04 15:32:18 - [MESSAGE][PASSED] - Text ****** has been set on object 'Object Repository/00-Signup and Activation/input_ConfirmPassword'

2022-03-04 15:32:18 - [TEST_STEP][PASSED] - delay(2): Delayed 2 second(s)

2022-03-04 15:32:20 - [MESSAGE][PASSED] - Delayed 2 second(s)

2022-03-04 15:32:20 - [TEST_STEP][PASSED] - click(findTestObject("00-Signup and Activation/show pass")): Object: 'Object Repository/00-Signup and Activation/show pass' is clicked on

2022-03-04 15:32:21 - [MESSAGE][PASSED] - Object: 'Object Repository/00-Signup and Activation/show pass' is clicked on

2022-03-04 15:32:21 - [TEST_STEP][PASSED] - click(findTestObject("00-Signup and Activation/show confirm pass")): Object: 'Object Repository/00-Signup and Activation/show confirm pass' is clicked on

2022-03-04 15:32:22 - [MESSAGE][PASSED] - Object: 'Object Repository/00-Signup and Activation/show confirm pass' is clicked on

2022-03-04 15:32:22 - [TEST_STEP][PASSED] - delay(2): Delayed 2 second(s)

2022-03-04 15:32:24 - [MESSAGE][PASSED] - Delayed 2 second(s)

2022-03-04 15:32:24 - [TEST_STEP][PASSED] - check(findTestObject("00-Signup and Activation/div_checkbox")): Object 'Object Repository/00-Signup and Activation/div_checkbox' is checked

2022-03-04 15:32:24 - [MESSAGE][PASSED] - Object 'Object Repository/00-Signup and Activation/div_checkbox' is checked

2022-03-04 15:32:24 - [TEST_STEP][PASSED] - delay(2): Delayed 2 second(s)

2022-03-04 15:32:26 - [MESSAGE][PASSED] - Delayed 2 second(s)

2022-03-04 15:32:26 - [TEST_STEP][PASSED] - click(findTestObject("00-Signup and Activation/button_Confirm")): Object: 'Object Repository/00-Signup and Activation/button_Confirm' is clicked on

2022-03-04 15:32:26 - [MESSAGE][PASSED] - Object: 'Object Repository/00-Signup and Activation/button_Confirm' is clicked on

2022-03-04 15:32:26 - [TEST_STEP][PASSED] - delay(2): Delayed 2 second(s)

2022-03-04 15:32:28 - [MESSAGE][PASSED] - Delayed 2 second(s)

2022-03-04 15:32:28 - [TEST_STEP][PASSED] - verifyElementVisible(findTestObject("00-Signup and Activation/h4_Welcome to Everleagues")): Object 'Object Repository/00-Signup and Activation/h4_Welcome to Everleagues' is visible

2022-03-04 15:32:35 - [MESSAGE][PASSED] - Object 'Object Repository/00-Signup and Activation/h4_Welcome to Everleagues' is visible

2022-03-04 15:32:35 - [TEST_STEP][PASSED] - verifyElementVisible(findTestObject("00-Signup and Activation/span_CREATE A BUSINESS ORGANIZATION")): Object 'Object Repository/00-Signup and Activation/span_CREATE A BUSINESS ORGANIZATION' is visible

2022-03-04 15:32:36 - [MESSAGE][PASSED] - Object 'Object Repository/00-Signup and Activation/span_CREATE A BUSINESS ORGANIZATION' is visible

2022-03-04 15:32:36 - [TEST_STEP][PASSED] - verifyElementVisible(findTestObject("00-Signup and Activation/span_INVITE FRIENDS  FAMILY")): Object 'Object Repository/00-Signup and Activation/span_INVITE FRIENDS  FAMILY' is visible

2022-03-04 15:32:36 - [MESSAGE][PASSED] - Object 'Object Repository/00-Signup and Activation/span_INVITE FRIENDS  FAMILY' is visible

2022-03-04 15:32:36 - [TEST_STEP][PASSED] - delay(3): Delayed 3 second(s)

2022-03-04 15:32:39 - [MESSAGE][PASSED] - Delayed 3 second(s)

2022-03-04 15:32:39 - [TEST_STEP][PASSED] - click(findTestObject("00-Signup and Activation/button_DO THIS LATER")): Object: 'Object Repository/00-Signup and Activation/button_DO THIS LATER' is clicked on

2022-03-04 15:32:39 - [MESSAGE][PASSED] - Object: 'Object Repository/00-Signup and Activation/button_DO THIS LATER' is clicked on

2022-03-04 15:32:39 - [TEST_STEP][PASSED] - delay(2): Delayed 2 second(s)

2022-03-04 15:32:41 - [MESSAGE][PASSED] - Delayed 2 second(s)

2022-03-04 15:32:41 - [TEST_STEP][PASSED] - verifyElementVisible(findTestObject("00-Signup and Activation/Create your first organization Card")): Object 'Object Repository/00-Signup and Activation/Create your first organization Card' is visible

2022-03-04 15:32:42 - [MESSAGE][PASSED] - Object 'Object Repository/00-Signup and Activation/Create your first organization Card' is visible

2022-03-04 15:32:42 - [TEST_STEP][PASSED] - verifyElementVisible(findTestObject("00-Signup and Activation/Still not sure where to start Card")): Object 'Object Repository/00-Signup and Activation/Still not sure where to start Card' is visible

2022-03-04 15:32:43 - [MESSAGE][PASSED] - Object 'Object Repository/00-Signup and Activation/Still not sure where to start Card' is visible

2022-03-04 15:32:43 - [TEST_STEP][PASSED] - verifyElementVisible(findTestObject("00-Signup and Activation/Welcome to Everleagues Card")): Object 'Object Repository/00-Signup and Activation/Welcome to Everleagues Card' is visible

2022-03-04 15:32:43 - [MESSAGE][PASSED] - Object 'Object Repository/00-Signup and Activation/Welcome to Everleagues Card' is visible

2022-03-04 15:32:43 - [TEST_STEP][PASSED] - delay(2): Delayed 2 second(s)

2022-03-04 15:32:45 - [MESSAGE][PASSED] - Delayed 2 second(s)

2022-03-04 15:32:45 - [TEST_STEP][PASSED] - closeBrowser(): Browser is closed

2022-03-04 15:32:46 - [MESSAGE][PASSED] - Browser is closed]]></system-out>
         <system-err><![CDATA[]]></system-err>
      </testcase>
      <system-out><![CDATA[2022-03-04 15:27:19 - [TEST_SUITE][PASSED] - 00-Signup and Account Activation: Test Cases/00-SignUp and Account Activation/05-Set password]]></system-out>
      <system-err><![CDATA[]]></system-err>
   </testsuite>
</testsuites>
