<?xml version="1.0" encoding="UTF-8"?>
<testsuites name="04-Add my Organizations" time="298.259" tests="2" failures="1" errors="0">
   <testsuite name="04-Add my Organizations" tests="2" failures="1" errors="0" time="298.259" skipped="0" timestamp="2022-05-02 16:38:08" hostname="User - DESKTOP-QCRNR4M" id="Test Suites/TS-Organization/04-Add my Organizations">
      <properties>
         <property name="deviceName" value=""/>
         <property name="devicePlatform" value=""/>
         <property name="logFolder" value="C:\\Users\\User\\Katalon Studio\\EverleaguesMain\\Reports\\20220502_163804\\TS-Organization\\04-Add my Organizations\\20220502_163805"/>
         <property name="logFiles" value="C:\\Users\\User\\Katalon Studio\\EverleaguesMain\\Reports\\20220502_163804\\TS-Organization\\04-Add my Organizations\\20220502_163805\\execution0.log"/>
         <property name="attachments" value=""/>
         <property name="hostName" value="User - DESKTOP-QCRNR4M"/>
         <property name="os" value="Windows 10 64bit"/>
         <property name="katalonVersion" value="8.3.0.208"/>
         <property name="browser" value="Chrome 101.0.4951.41"/>
         <property name="hostAddress" value="192.168.5.83"/>
         <property name="sessionId" value="16f18e93175ddce6d298336613254fcb"/>
         <property name="seleniumVersion" value="3.141.59"/>
         <property name="proxyInformation" value="ProxyInformation { proxyOption=NO_PROXY, proxyServerType=HTTP, username=, password=********, proxyServerAddress=, proxyServerPort=0, executionList=&quot;&quot;, isApplyToDesiredCapabilities=true }"/>
         <property name="platform" value="Windows 10"/>
      </properties>
      <testcase name="Test Cases/04-Add my Organizations/01- Free limited Plan (Negative Scenarios)" time="279.293" classname="Test Cases/04-Add my Organizations/01- Free limited Plan (Negative Scenarios)" status="PASSED">
         <system-out><![CDATA[2022-05-02 16:38:08 - [TEST_CASE][PASSED] - Test Cases/04-Add my Organizations/01- Free limited Plan (Negative Scenarios): Test Cases/04-Add my Organizations/01- Free limited Plan (Negative Scenarios)

2022-05-02 16:38:08 - [TEST_STEP][PASSED] - openBrowser(""): Browser is opened with url: ''

2022-05-02 16:38:09 - [MESSAGE][INFO] - Starting 'Chrome' driver

2022-05-02 16:38:09 - [MESSAGE][INFO] - Action delay is set to 0 milliseconds

2022-05-02 16:38:11 - [MESSAGE][PASSED] - Browser is opened with url: ''

2022-05-02 16:38:11 - [TEST_STEP][PASSED] - navigateToUrl("https://lab.everleagues.com/"): Navigate to 'https://lab.everleagues.com/' successfully

2022-05-02 16:41:56 - [MESSAGE][PASSED] - Navigate to 'https://lab.everleagues.com/' successfully

2022-05-02 16:41:56 - [TEST_STEP][PASSED] - maximizeWindow(): Current window maximized

2022-05-02 16:41:56 - [MESSAGE][PASSED] - Current window maximized

2022-05-02 16:41:56 - [TEST_STEP][PASSED] - setText(findTestObject("02-Side Icons(Organization)/Add Contact/Email Field"), "testuser02@mailinator.com"): Text 'testuser02@mailinator.com' is set on object 'Object Repository/02-Side Icons(Organization)/Add Contact/Email Field'

2022-05-02 16:41:57 - [MESSAGE][PASSED] - Text 'testuser02@mailinator.com' is set on object 'Object Repository/02-Side Icons(Organization)/Add Contact/Email Field'

2022-05-02 16:41:57 - [TEST_STEP][PASSED] - setEncryptedText(findTestObject("02-Side Icons(Organization)/Add Contact/Password Field"), "8yFRyszE6U6jvsCn51OQbg=="): Text ****** has been set on object 'Object Repository/02-Side Icons(Organization)/Add Contact/Password Field'

2022-05-02 16:41:57 - [MESSAGE][PASSED] - Text ****** has been set on object 'Object Repository/02-Side Icons(Organization)/Add Contact/Password Field'

2022-05-02 16:41:57 - [TEST_STEP][PASSED] - click(findTestObject("02-Side Icons(Organization)/Add Contact/button_Sign in")): Object: 'Object Repository/02-Side Icons(Organization)/Add Contact/button_Sign in' is clicked on

2022-05-02 16:41:58 - [MESSAGE][PASSED] - Object: 'Object Repository/02-Side Icons(Organization)/Add Contact/button_Sign in' is clicked on

2022-05-02 16:41:58 - [TEST_STEP][PASSED] - delay(2): Delayed 2 second(s)

2022-05-02 16:42:00 - [MESSAGE][PASSED] - Delayed 2 second(s)

2022-05-02 16:42:00 - [TEST_STEP][PASSED] - click(findTestObject("06-Teams/For 2FA/button_Confirm_2FA")): Object: 'Object Repository/06-Teams/For 2FA/button_Confirm_2FA' is clicked on

2022-05-02 16:42:00 - [MESSAGE][PASSED] - Object: 'Object Repository/06-Teams/For 2FA/button_Confirm_2FA' is clicked on

2022-05-02 16:42:00 - [TEST_STEP][PASSED] - executeJavaScript("window.open();", []): Execute JavaScript 'window.open();' successfully

2022-05-02 16:42:01 - [MESSAGE][PASSED] - Execute JavaScript 'window.open();' successfully

2022-05-02 16:42:01 - [TEST_STEP][PASSED] - currentWindow = getWindowIndex(): Current window's index is: 0

2022-05-02 16:42:01 - [MESSAGE][PASSED] - Current window's index is: 0

2022-05-02 16:42:01 - [TEST_STEP][PASSED] - delay(3): Delayed 3 second(s)

2022-05-02 16:42:04 - [MESSAGE][PASSED] - Delayed 3 second(s)

2022-05-02 16:42:04 - [TEST_STEP][PASSED] - switchToWindowIndex(currentWindow + 1): Switched to window with index: '1'

2022-05-02 16:42:04 - [MESSAGE][PASSED] - Switched to window with index: '1'

2022-05-02 16:42:04 - [TEST_STEP][PASSED] - navigateToUrl("https://www.mailinator.com/"): Navigate to 'https://www.mailinator.com/' successfully

2022-05-02 16:42:06 - [MESSAGE][PASSED] - Navigate to 'https://www.mailinator.com/' successfully

2022-05-02 16:42:06 - [TEST_STEP][PASSED] - delay(3): Delayed 3 second(s)

2022-05-02 16:42:09 - [MESSAGE][PASSED] - Delayed 3 second(s)

2022-05-02 16:42:09 - [TEST_STEP][PASSED] - setText(findTestObject("00-Signup and Activation/zMailinator/input_LOGIN_search"), "testuser02@mailinator.com"): Text 'testuser02@mailinator.com' is set on object 'Object Repository/00-Signup and Activation/zMailinator/input_LOGIN_search'

2022-05-02 16:42:10 - [MESSAGE][PASSED] - Text 'testuser02@mailinator.com' is set on object 'Object Repository/00-Signup and Activation/zMailinator/input_LOGIN_search'

2022-05-02 16:42:10 - [TEST_STEP][PASSED] - click(findTestObject("00-Signup and Activation/zMailinator/gobutton"), STOP_ON_FAILURE): Object: 'Object Repository/00-Signup and Activation/zMailinator/gobutton' is clicked on

2022-05-02 16:42:11 - [MESSAGE][PASSED] - Object: 'Object Repository/00-Signup and Activation/zMailinator/gobutton' is clicked on

2022-05-02 16:42:11 - [TEST_STEP][PASSED] - delay(3): Delayed 3 second(s)

2022-05-02 16:42:14 - [MESSAGE][PASSED] - Delayed 3 second(s)

2022-05-02 16:42:14 - [TEST_STEP][PASSED] - click(findTestObject("00-Signup and Activation/zMailinator/Email - everleagues")): Object: 'Object Repository/00-Signup and Activation/zMailinator/Email - everleagues' is clicked on

2022-05-02 16:42:14 - [MESSAGE][PASSED] - Object: 'Object Repository/00-Signup and Activation/zMailinator/Email - everleagues' is clicked on

2022-05-02 16:42:14 - [TEST_STEP][PASSED] - delay(3): Delayed 3 second(s)

2022-05-02 16:42:17 - [MESSAGE][PASSED] - Delayed 3 second(s)

2022-05-02 16:42:17 - [TEST_STEP][PASSED] - code = getText(findTestObject("Object Repository/06-Teams/For 2FA/2FA code")): Text of object 'Object Repository/06-Teams/For 2FA/2FA code' is: '919339'

2022-05-02 16:42:18 - [MESSAGE][PASSED] - Text of object 'Object Repository/06-Teams/For 2FA/2FA code' is: '919339'

2022-05-02 16:42:18 - [TEST_STEP][PASSED] - delay(3): Delayed 3 second(s)

2022-05-02 16:42:21 - [MESSAGE][PASSED] - Delayed 3 second(s)

2022-05-02 16:42:21 - [TEST_STEP][PASSED] - closeWindowTitle("Mailinator"): Window with title: 'Mailinator' is closed

2022-05-02 16:42:21 - [MESSAGE][PASSED] - Window with title: 'Mailinator' is closed

2022-05-02 16:42:21 - [TEST_STEP][PASSED] - delay(3): Delayed 3 second(s)

2022-05-02 16:42:24 - [MESSAGE][PASSED] - Delayed 3 second(s)

2022-05-02 16:42:24 - [TEST_STEP][PASSED] - switchToWindowIndex(0): Switched to window with index: '0'

2022-05-02 16:42:24 - [MESSAGE][PASSED] - Switched to window with index: '0'

2022-05-02 16:42:24 - [TEST_STEP][PASSED] - delay(3): Delayed 3 second(s)

2022-05-02 16:42:27 - [MESSAGE][PASSED] - Delayed 3 second(s)

2022-05-02 16:42:27 - [TEST_STEP][PASSED] - setText(findTestObject("Object Repository/06-Teams/For 2FA/input_Enter verification code_code"), code): Text '919339' is set on object 'Object Repository/06-Teams/For 2FA/input_Enter verification code_code'

2022-05-02 16:42:28 - [MESSAGE][PASSED] - Text '919339' is set on object 'Object Repository/06-Teams/For 2FA/input_Enter verification code_code'

2022-05-02 16:42:28 - [TEST_STEP][PASSED] - delay(3): Delayed 3 second(s)

2022-05-02 16:42:31 - [MESSAGE][PASSED] - Delayed 3 second(s)

2022-05-02 16:42:31 - [TEST_STEP][PASSED] - click(findTestObject("06-Teams/For 2FA/button_Verify_2FA")): Object: 'Object Repository/06-Teams/For 2FA/button_Verify_2FA' is clicked on

2022-05-02 16:42:32 - [MESSAGE][PASSED] - Object: 'Object Repository/06-Teams/For 2FA/button_Verify_2FA' is clicked on

2022-05-02 16:42:32 - [TEST_STEP][PASSED] - delay(5): Delayed 5 second(s)

2022-05-02 16:42:37 - [MESSAGE][PASSED] - Delayed 5 second(s)

2022-05-02 16:42:37 - [TEST_STEP][PASSED] - click(findTestObject("04-Add my Organizations/Free limited Plan/span_Add My Organization")): Object: 'Object Repository/04-Add my Organizations/Free limited Plan/span_Add My Organization' is clicked on

2022-05-02 16:42:38 - [MESSAGE][PASSED] - Object: 'Object Repository/04-Add my Organizations/Free limited Plan/span_Add My Organization' is clicked on

2022-05-02 16:42:38 - [TEST_STEP][PASSED] - verifyElementVisible(findTestObject("04-Add my Organizations/Free limited Plan/Add my org modal")): Object 'Object Repository/04-Add my Organizations/Free limited Plan/Add my org modal' is visible

2022-05-02 16:42:39 - [MESSAGE][PASSED] - Object 'Object Repository/04-Add my Organizations/Free limited Plan/Add my org modal' is visible

2022-05-02 16:42:39 - [TEST_STEP][PASSED] - delay(2): Delayed 2 second(s)

2022-05-02 16:42:41 - [MESSAGE][PASSED] - Delayed 2 second(s)

2022-05-02 16:42:41 - [TEST_STEP][PASSED] - click(findTestObject("04-Add my Organizations/Free limited Plan/button_Create")): Object: 'Object Repository/04-Add my Organizations/Free limited Plan/button_Create' is clicked on

2022-05-02 16:42:41 - [MESSAGE][PASSED] - Object: 'Object Repository/04-Add my Organizations/Free limited Plan/button_Create' is clicked on

2022-05-02 16:42:41 - [TEST_STEP][PASSED] - delay(1): Delayed 1 second(s)

2022-05-02 16:42:42 - [MESSAGE][PASSED] - Delayed 1 second(s)

2022-05-02 16:42:42 - [TEST_STEP][PASSED] - verifyElementVisible(findTestObject("04-Add my Organizations/Free limited Plan/div_OrganizationName_error")): Object 'Object Repository/04-Add my Organizations/Free limited Plan/div_OrganizationName_error' is visible

2022-05-02 16:42:42 - [MESSAGE][PASSED] - Object 'Object Repository/04-Add my Organizations/Free limited Plan/div_OrganizationName_error' is visible

2022-05-02 16:42:42 - [TEST_STEP][PASSED] - verifyElementVisible(findTestObject("04-Add my Organizations/Free limited Plan/div_Organization Alias_error")): Object 'Object Repository/04-Add my Organizations/Free limited Plan/div_Organization Alias_error' is visible

2022-05-02 16:42:43 - [MESSAGE][PASSED] - Object 'Object Repository/04-Add my Organizations/Free limited Plan/div_Organization Alias_error' is visible

2022-05-02 16:42:43 - [TEST_STEP][PASSED] - verifyElementVisible(findTestObject("04-Add my Organizations/Free limited Plan/div_Service Industry_error")): Object 'Object Repository/04-Add my Organizations/Free limited Plan/div_Service Industry_error' is visible

2022-05-02 16:42:43 - [MESSAGE][PASSED] - Object 'Object Repository/04-Add my Organizations/Free limited Plan/div_Service Industry_error' is visible

2022-05-02 16:42:43 - [TEST_STEP][PASSED] - delay(1): Delayed 1 second(s)

2022-05-02 16:42:44 - [MESSAGE][PASSED] - Delayed 1 second(s)

2022-05-02 16:42:44 - [TEST_STEP][PASSED] - setText(findTestObject("04-Add my Organizations/Free limited Plan/input_org alias"), "1234"): Text '1234' is set on object 'Object Repository/04-Add my Organizations/Free limited Plan/input_org alias'

2022-05-02 16:42:45 - [MESSAGE][PASSED] - Text '1234' is set on object 'Object Repository/04-Add my Organizations/Free limited Plan/input_org alias'

2022-05-02 16:42:45 - [TEST_STEP][PASSED] - click(findTestObject("04-Add my Organizations/Free limited Plan/input_orgName")): Object: 'Object Repository/04-Add my Organizations/Free limited Plan/input_orgName' is clicked on

2022-05-02 16:42:45 - [MESSAGE][PASSED] - Object: 'Object Repository/04-Add my Organizations/Free limited Plan/input_orgName' is clicked on

2022-05-02 16:42:45 - [TEST_STEP][PASSED] - verifyElementVisible(findTestObject("04-Add my Organizations/Free limited Plan/mat-error_1234 already exists. Please enter another ID")): Object 'Object Repository/04-Add my Organizations/Free limited Plan/mat-error_1234 already exists. Please enter another ID' is visible

2022-05-02 16:42:46 - [MESSAGE][PASSED] - Object 'Object Repository/04-Add my Organizations/Free limited Plan/mat-error_1234 already exists. Please enter another ID' is visible

2022-05-02 16:42:46 - [TEST_STEP][PASSED] - delay(1): Delayed 1 second(s)

2022-05-02 16:42:47 - [MESSAGE][PASSED] - Delayed 1 second(s)]]></system-out>
         <system-err><![CDATA[]]></system-err>
      </testcase>
      <testcase name="Test Cases/04-Add my Organizations/02- Free limited Plan (Positive Scenarios)" time="18.675" classname="Test Cases/04-Add my Organizations/02- Free limited Plan (Positive Scenarios)" status="FAILED">
         <failure type="FAILED" message="Test Cases/04-Add my Organizations/02- Free limited Plan (Positive Scenarios) FAILED.
Reason:
Assertion failed: 

assert WebUI.getUrl() == 'https://www.everleagues.com/pricing/'
             |        |
             |        false
             https://www.everleagues.com/pricing

	at 02- Free limited Plan (Positive Scenarios).run(02- Free limited Plan (Positive Scenarios):62)
	at com.kms.katalon.core.main.ScriptEngine.run(ScriptEngine.java:194)
	at com.kms.katalon.core.main.ScriptEngine.runScriptAsRawText(ScriptEngine.java:119)
	at com.kms.katalon.core.main.TestCaseExecutor.runScript(TestCaseExecutor.java:445)
	at com.kms.katalon.core.main.TestCaseExecutor.doExecute(TestCaseExecutor.java:436)
	at com.kms.katalon.core.main.TestCaseExecutor.processExecutionPhase(TestCaseExecutor.java:415)
	at com.kms.katalon.core.main.TestCaseExecutor.accessMainPhase(TestCaseExecutor.java:407)
	at com.kms.katalon.core.main.TestCaseExecutor.execute(TestCaseExecutor.java:284)
	at com.kms.katalon.core.common.CommonExecutor.accessTestCaseMainPhase(CommonExecutor.java:65)
	at com.kms.katalon.core.main.TestSuiteExecutor.accessTestSuiteMainPhase(TestSuiteExecutor.java:144)
	at com.kms.katalon.core.main.TestSuiteExecutor.execute(TestSuiteExecutor.java:106)
	at com.kms.katalon.core.main.TestCaseMain.startTestSuite(TestCaseMain.java:185)
	at com.kms.katalon.core.main.TestCaseMain$startTestSuite$0.call(Unknown Source)
	at TempTestSuite1651480685825.run(TempTestSuite1651480685825.groovy:36)
"/>
         <system-out><![CDATA[2022-05-02 16:42:47 - [TEST_CASE][FAILED] - Test Cases/04-Add my Organizations/02- Free limited Plan (Positive Scenarios): Test Cases/04-Add my Organizations/02- Free limited Plan (Positive Scenarios) FAILED.
Reason:
Assertion failed: 

assert WebUI.getUrl() == 'https://www.everleagues.com/pricing/'
             |        |
             |        false
             https://www.everleagues.com/pricing

	at 02- Free limited Plan (Positive Scenarios).run(02- Free limited Plan (Positive Scenarios):62)
	at com.kms.katalon.core.main.ScriptEngine.run(ScriptEngine.java:194)
	at com.kms.katalon.core.main.ScriptEngine.runScriptAsRawText(ScriptEngine.java:119)
	at com.kms.katalon.core.main.TestCaseExecutor.runScript(TestCaseExecutor.java:445)
	at com.kms.katalon.core.main.TestCaseExecutor.doExecute(TestCaseExecutor.java:436)
	at com.kms.katalon.core.main.TestCaseExecutor.processExecutionPhase(TestCaseExecutor.java:415)
	at com.kms.katalon.core.main.TestCaseExecutor.accessMainPhase(TestCaseExecutor.java:407)
	at com.kms.katalon.core.main.TestCaseExecutor.execute(TestCaseExecutor.java:284)
	at com.kms.katalon.core.common.CommonExecutor.accessTestCaseMainPhase(CommonExecutor.java:65)
	at com.kms.katalon.core.main.TestSuiteExecutor.accessTestSuiteMainPhase(TestSuiteExecutor.java:144)
	at com.kms.katalon.core.main.TestSuiteExecutor.execute(TestSuiteExecutor.java:106)
	at com.kms.katalon.core.main.TestCaseMain.startTestSuite(TestCaseMain.java:185)
	at com.kms.katalon.core.main.TestCaseMain$startTestSuite$0.call(Unknown Source)
	at TempTestSuite1651480685825.run(TempTestSuite1651480685825.groovy:36)


2022-05-02 16:42:48 - [TEST_STEP][PASSED] - delay(2): Delayed 2 second(s)

2022-05-02 16:42:50 - [MESSAGE][PASSED] - Delayed 2 second(s)

2022-05-02 16:42:50 - [TEST_STEP][PASSED] - setText(findTestObject("04-Add my Organizations/Free limited Plan/input_orgName"), "GG Automation"): Text 'GG Automation' is set on object 'Object Repository/04-Add my Organizations/Free limited Plan/input_orgName'

2022-05-02 16:42:51 - [MESSAGE][PASSED] - Text 'GG Automation' is set on object 'Object Repository/04-Add my Organizations/Free limited Plan/input_orgName'

2022-05-02 16:42:51 - [TEST_STEP][PASSED] - setText(findTestObject("04-Add my Organizations/Free limited Plan/input_org alias"), "GGAutoAlias"): Text 'GGAutoAlias' is set on object 'Object Repository/04-Add my Organizations/Free limited Plan/input_org alias'

2022-05-02 16:42:52 - [MESSAGE][PASSED] - Text 'GGAutoAlias' is set on object 'Object Repository/04-Add my Organizations/Free limited Plan/input_org alias'

2022-05-02 16:42:52 - [TEST_STEP][PASSED] - click(findTestObject("04-Add my Organizations/Free limited Plan/div_Service Industry_select-arrow"), STOP_ON_FAILURE): Object: 'Object Repository/04-Add my Organizations/Free limited Plan/div_Service Industry_select-arrow' is clicked on

2022-05-02 16:42:52 - [MESSAGE][PASSED] - Object: 'Object Repository/04-Add my Organizations/Free limited Plan/div_Service Industry_select-arrow' is clicked on

2022-05-02 16:42:52 - [TEST_STEP][PASSED] - delay(1): Delayed 1 second(s)

2022-05-02 16:42:53 - [MESSAGE][PASSED] - Delayed 1 second(s)

2022-05-02 16:42:53 - [TEST_STEP][PASSED] - verifyElementVisible(findTestObject("04-Add my Organizations/Free limited Plan/span_CPA_EA_Accounting Firms")): Object 'Object Repository/04-Add my Organizations/Free limited Plan/span_CPA_EA_Accounting Firms' is visible

2022-05-02 16:42:54 - [MESSAGE][PASSED] - Object 'Object Repository/04-Add my Organizations/Free limited Plan/span_CPA_EA_Accounting Firms' is visible

2022-05-02 16:42:54 - [TEST_STEP][PASSED] - verifyElementVisible(findTestObject("04-Add my Organizations/Free limited Plan/span_Law Firms")): Object 'Object Repository/04-Add my Organizations/Free limited Plan/span_Law Firms' is visible

2022-05-02 16:42:54 - [MESSAGE][PASSED] - Object 'Object Repository/04-Add my Organizations/Free limited Plan/span_Law Firms' is visible

2022-05-02 16:42:54 - [TEST_STEP][PASSED] - verifyElementVisible(findTestObject("04-Add my Organizations/Free limited Plan/span_Medical Service_Physian_Dentist Office")): Object 'Object Repository/04-Add my Organizations/Free limited Plan/span_Medical Service_Physian_Dentist Office' is visible

2022-05-02 16:42:54 - [MESSAGE][PASSED] - Object 'Object Repository/04-Add my Organizations/Free limited Plan/span_Medical Service_Physian_Dentist Office' is visible

2022-05-02 16:42:54 - [TEST_STEP][PASSED] - verifyElementVisible(findTestObject("04-Add my Organizations/Free limited Plan/span_Education")): Object 'Object Repository/04-Add my Organizations/Free limited Plan/span_Education' is visible

2022-05-02 16:42:55 - [MESSAGE][PASSED] - Object 'Object Repository/04-Add my Organizations/Free limited Plan/span_Education' is visible

2022-05-02 16:42:55 - [TEST_STEP][PASSED] - verifyElementVisible(findTestObject("04-Add my Organizations/Free limited Plan/span_Real Estate")): Object 'Object Repository/04-Add my Organizations/Free limited Plan/span_Real Estate' is visible

2022-05-02 16:42:55 - [MESSAGE][PASSED] - Object 'Object Repository/04-Add my Organizations/Free limited Plan/span_Real Estate' is visible

2022-05-02 16:42:55 - [TEST_STEP][PASSED] - verifyElementVisible(findTestObject("04-Add my Organizations/Free limited Plan/span_Other Service Business")): Object 'Object Repository/04-Add my Organizations/Free limited Plan/span_Other Service Business' is visible

2022-05-02 16:42:56 - [MESSAGE][PASSED] - Object 'Object Repository/04-Add my Organizations/Free limited Plan/span_Other Service Business' is visible

2022-05-02 16:42:56 - [TEST_STEP][PASSED] - verifyElementVisible(findTestObject("04-Add my Organizations/Free limited Plan/span_Product Business")): Object 'Object Repository/04-Add my Organizations/Free limited Plan/span_Product Business' is visible

2022-05-02 16:42:56 - [MESSAGE][PASSED] - Object 'Object Repository/04-Add my Organizations/Free limited Plan/span_Product Business' is visible

2022-05-02 16:42:56 - [TEST_STEP][PASSED] - verifyElementVisible(findTestObject("04-Add my Organizations/Free limited Plan/span_Community")): Object 'Object Repository/04-Add my Organizations/Free limited Plan/span_Community' is visible

2022-05-02 16:42:56 - [MESSAGE][PASSED] - Object 'Object Repository/04-Add my Organizations/Free limited Plan/span_Community' is visible

2022-05-02 16:42:56 - [TEST_STEP][PASSED] - verifyElementVisible(findTestObject("04-Add my Organizations/Free limited Plan/span_Non Profit Organizations")): Object 'Object Repository/04-Add my Organizations/Free limited Plan/span_Non Profit Organizations' is visible

2022-05-02 16:42:57 - [MESSAGE][PASSED] - Object 'Object Repository/04-Add my Organizations/Free limited Plan/span_Non Profit Organizations' is visible

2022-05-02 16:42:57 - [TEST_STEP][PASSED] - delay(1): Delayed 1 second(s)

2022-05-02 16:42:58 - [MESSAGE][PASSED] - Delayed 1 second(s)

2022-05-02 16:42:58 - [TEST_STEP][PASSED] - click(findTestObject("04-Add my Organizations/Free limited Plan/span_Other Service Business")): Object: 'Object Repository/04-Add my Organizations/Free limited Plan/span_Other Service Business' is clicked on

2022-05-02 16:42:58 - [MESSAGE][PASSED] - Object: 'Object Repository/04-Add my Organizations/Free limited Plan/span_Other Service Business' is clicked on

2022-05-02 16:42:58 - [TEST_STEP][PASSED] - click(findTestObject("04-Add my Organizations/Free limited Plan/Free limited plan radio button")): Object: 'Object Repository/04-Add my Organizations/Free limited Plan/Free limited plan radio button' is clicked on

2022-05-02 16:42:59 - [MESSAGE][PASSED] - Object: 'Object Repository/04-Add my Organizations/Free limited Plan/Free limited plan radio button' is clicked on

2022-05-02 16:42:59 - [TEST_STEP][PASSED] - delay(1): Delayed 1 second(s)

2022-05-02 16:43:00 - [MESSAGE][PASSED] - Delayed 1 second(s)

2022-05-02 16:43:00 - [TEST_STEP][PASSED] - click(findTestObject("04-Add my Organizations/Free limited Plan/span_Usage limit")): Object: 'Object Repository/04-Add my Organizations/Free limited Plan/span_Usage limit' is clicked on

2022-05-02 16:43:01 - [MESSAGE][PASSED] - Object: 'Object Repository/04-Add my Organizations/Free limited Plan/span_Usage limit' is clicked on

2022-05-02 16:43:01 - [TEST_STEP][PASSED] - switchToWindowIndex(1): Switched to window with index: '1'

2022-05-02 16:43:01 - [MESSAGE][PASSED] - Switched to window with index: '1'

2022-05-02 16:43:01 - [TEST_STEP][PASSED] - delay(5): Delayed 5 second(s)

2022-05-02 16:43:06 - [MESSAGE][PASSED] - Delayed 5 second(s)

2022-05-02 16:43:06 - [TEST_STEP][FAILED] - assert getUrl() == "https://www.everleagues.com/pricing/": Test Cases/04-Add my Organizations/02- Free limited Plan (Positive Scenarios) FAILED.
Reason:
Assertion failed: 

assert WebUI.getUrl() == 'https://www.everleagues.com/pricing/'
             |        |
             |        false
             https://www.everleagues.com/pricing

	at 02- Free limited Plan (Positive Scenarios).run(02- Free limited Plan (Positive Scenarios):62)
	at com.kms.katalon.core.main.ScriptEngine.run(ScriptEngine.java:194)
	at com.kms.katalon.core.main.ScriptEngine.runScriptAsRawText(ScriptEngine.java:119)
	at com.kms.katalon.core.main.TestCaseExecutor.runScript(TestCaseExecutor.java:445)
	at com.kms.katalon.core.main.TestCaseExecutor.doExecute(TestCaseExecutor.java:436)
	at com.kms.katalon.core.main.TestCaseExecutor.processExecutionPhase(TestCaseExecutor.java:415)
	at com.kms.katalon.core.main.TestCaseExecutor.accessMainPhase(TestCaseExecutor.java:407)
	at com.kms.katalon.core.main.TestCaseExecutor.execute(TestCaseExecutor.java:284)
	at com.kms.katalon.core.common.CommonExecutor.accessTestCaseMainPhase(CommonExecutor.java:65)
	at com.kms.katalon.core.main.TestSuiteExecutor.accessTestSuiteMainPhase(TestSuiteExecutor.java:144)
	at com.kms.katalon.core.main.TestSuiteExecutor.execute(TestSuiteExecutor.java:106)
	at com.kms.katalon.core.main.TestCaseMain.startTestSuite(TestCaseMain.java:185)
	at com.kms.katalon.core.main.TestCaseMain$startTestSuite$0.call(Unknown Source)
	at TempTestSuite1651480685825.run(TempTestSuite1651480685825.groovy:36)


2022-05-02 16:43:06 - [MESSAGE][PASSED] - Current window's url is: 'https://www.everleagues.com/pricing'

2022-05-02 16:43:06 - [MESSAGE][FAILED] - Test Cases/04-Add my Organizations/02- Free limited Plan (Positive Scenarios) FAILED.
Reason:
Assertion failed: 

assert WebUI.getUrl() == 'https://www.everleagues.com/pricing/'
             |        |
             |        false
             https://www.everleagues.com/pricing

	at 02- Free limited Plan (Positive Scenarios).run(02- Free limited Plan (Positive Scenarios):62)
	at com.kms.katalon.core.main.ScriptEngine.run(ScriptEngine.java:194)
	at com.kms.katalon.core.main.ScriptEngine.runScriptAsRawText(ScriptEngine.java:119)
	at com.kms.katalon.core.main.TestCaseExecutor.runScript(TestCaseExecutor.java:445)
	at com.kms.katalon.core.main.TestCaseExecutor.doExecute(TestCaseExecutor.java:436)
	at com.kms.katalon.core.main.TestCaseExecutor.processExecutionPhase(TestCaseExecutor.java:415)
	at com.kms.katalon.core.main.TestCaseExecutor.accessMainPhase(TestCaseExecutor.java:407)
	at com.kms.katalon.core.main.TestCaseExecutor.execute(TestCaseExecutor.java:284)
	at com.kms.katalon.core.common.CommonExecutor.accessTestCaseMainPhase(CommonExecutor.java:65)
	at com.kms.katalon.core.main.TestSuiteExecutor.accessTestSuiteMainPhase(TestSuiteExecutor.java:144)
	at com.kms.katalon.core.main.TestSuiteExecutor.execute(TestSuiteExecutor.java:106)
	at com.kms.katalon.core.main.TestCaseMain.startTestSuite(TestCaseMain.java:185)
	at com.kms.katalon.core.main.TestCaseMain$startTestSuite$0.call(Unknown Source)
	at TempTestSuite1651480685825.run(TempTestSuite1651480685825.groovy:36)]]></system-out>
         <system-err><![CDATA[2022-05-02 16:42:47 - [TEST_CASE][FAILED] - Test Cases/04-Add my Organizations/02- Free limited Plan (Positive Scenarios): Test Cases/04-Add my Organizations/02- Free limited Plan (Positive Scenarios) FAILED.
Reason:
Assertion failed: 

assert WebUI.getUrl() == 'https://www.everleagues.com/pricing/'
             |        |
             |        false
             https://www.everleagues.com/pricing

	at 02- Free limited Plan (Positive Scenarios).run(02- Free limited Plan (Positive Scenarios):62)
	at com.kms.katalon.core.main.ScriptEngine.run(ScriptEngine.java:194)
	at com.kms.katalon.core.main.ScriptEngine.runScriptAsRawText(ScriptEngine.java:119)
	at com.kms.katalon.core.main.TestCaseExecutor.runScript(TestCaseExecutor.java:445)
	at com.kms.katalon.core.main.TestCaseExecutor.doExecute(TestCaseExecutor.java:436)
	at com.kms.katalon.core.main.TestCaseExecutor.processExecutionPhase(TestCaseExecutor.java:415)
	at com.kms.katalon.core.main.TestCaseExecutor.accessMainPhase(TestCaseExecutor.java:407)
	at com.kms.katalon.core.main.TestCaseExecutor.execute(TestCaseExecutor.java:284)
	at com.kms.katalon.core.common.CommonExecutor.accessTestCaseMainPhase(CommonExecutor.java:65)
	at com.kms.katalon.core.main.TestSuiteExecutor.accessTestSuiteMainPhase(TestSuiteExecutor.java:144)
	at com.kms.katalon.core.main.TestSuiteExecutor.execute(TestSuiteExecutor.java:106)
	at com.kms.katalon.core.main.TestCaseMain.startTestSuite(TestCaseMain.java:185)
	at com.kms.katalon.core.main.TestCaseMain$startTestSuite$0.call(Unknown Source)
	at TempTestSuite1651480685825.run(TempTestSuite1651480685825.groovy:36)]]></system-err>
      </testcase>
      <system-out><![CDATA[2022-05-02 16:38:08 - [TEST_SUITE][FAILED] - 04-Add my Organizations: Test Cases/04-Add my Organizations/02- Free limited Plan (Positive Scenarios) FAILED.
Reason:
Assertion failed: 

assert WebUI.getUrl() == 'https://www.everleagues.com/pricing/'
             |        |
             |        false
             https://www.everleagues.com/pricing

	at 02- Free limited Plan (Positive Scenarios).run(02- Free limited Plan (Positive Scenarios):62)
	at com.kms.katalon.core.main.ScriptEngine.run(ScriptEngine.java:194)
	at com.kms.katalon.core.main.ScriptEngine.runScriptAsRawText(ScriptEngine.java:119)
	at com.kms.katalon.core.main.TestCaseExecutor.runScript(TestCaseExecutor.java:445)
	at com.kms.katalon.core.main.TestCaseExecutor.doExecute(TestCaseExecutor.java:436)
	at com.kms.katalon.core.main.TestCaseExecutor.processExecutionPhase(TestCaseExecutor.java:415)
	at com.kms.katalon.core.main.TestCaseExecutor.accessMainPhase(TestCaseExecutor.java:407)
	at com.kms.katalon.core.main.TestCaseExecutor.execute(TestCaseExecutor.java:284)
	at com.kms.katalon.core.common.CommonExecutor.accessTestCaseMainPhase(CommonExecutor.java:65)
	at com.kms.katalon.core.main.TestSuiteExecutor.accessTestSuiteMainPhase(TestSuiteExecutor.java:144)
	at com.kms.katalon.core.main.TestSuiteExecutor.execute(TestSuiteExecutor.java:106)
	at com.kms.katalon.core.main.TestCaseMain.startTestSuite(TestCaseMain.java:185)
	at com.kms.katalon.core.main.TestCaseMain$startTestSuite$0.call(Unknown Source)
	at TempTestSuite1651480685825.run(TempTestSuite1651480685825.groovy:36)]]></system-out>
      <system-err><![CDATA[2022-05-02 16:38:08 - [TEST_SUITE][FAILED] - 04-Add my Organizations: Test Cases/04-Add my Organizations/02- Free limited Plan (Positive Scenarios) FAILED.
Reason:
Assertion failed: 

assert WebUI.getUrl() == 'https://www.everleagues.com/pricing/'
             |        |
             |        false
             https://www.everleagues.com/pricing

	at 02- Free limited Plan (Positive Scenarios).run(02- Free limited Plan (Positive Scenarios):62)
	at com.kms.katalon.core.main.ScriptEngine.run(ScriptEngine.java:194)
	at com.kms.katalon.core.main.ScriptEngine.runScriptAsRawText(ScriptEngine.java:119)
	at com.kms.katalon.core.main.TestCaseExecutor.runScript(TestCaseExecutor.java:445)
	at com.kms.katalon.core.main.TestCaseExecutor.doExecute(TestCaseExecutor.java:436)
	at com.kms.katalon.core.main.TestCaseExecutor.processExecutionPhase(TestCaseExecutor.java:415)
	at com.kms.katalon.core.main.TestCaseExecutor.accessMainPhase(TestCaseExecutor.java:407)
	at com.kms.katalon.core.main.TestCaseExecutor.execute(TestCaseExecutor.java:284)
	at com.kms.katalon.core.common.CommonExecutor.accessTestCaseMainPhase(CommonExecutor.java:65)
	at com.kms.katalon.core.main.TestSuiteExecutor.accessTestSuiteMainPhase(TestSuiteExecutor.java:144)
	at com.kms.katalon.core.main.TestSuiteExecutor.execute(TestSuiteExecutor.java:106)
	at com.kms.katalon.core.main.TestCaseMain.startTestSuite(TestCaseMain.java:185)
	at com.kms.katalon.core.main.TestCaseMain$startTestSuite$0.call(Unknown Source)
	at TempTestSuite1651480685825.run(TempTestSuite1651480685825.groovy:36)]]></system-err>
   </testsuite>
</testsuites>
