<?xml version="1.0" encoding="UTF-8"?>
<testsuites name="00-Signup and Account Activation" time="142.723" tests="5" failures="0" errors="0">
   <testsuite name="00-Signup and Account Activation" tests="5" failures="0" errors="0" time="142.723" skipped="0" timestamp="2022-03-03 14:29:54" hostname="User - DESKTOP-QCRNR4M" id="Test Suites/TS-Organization/00-Signup and Account Activation">
      <properties>
         <property name="deviceName" value=""/>
         <property name="devicePlatform" value=""/>
         <property name="logFolder" value="C:\\Users\\User\\Katalon Studio\\EverleaguesMain\\Reports\\20220303_142952\\TS-Organization\\00-Signup and Account Activation\\20220303_142952"/>
         <property name="logFiles" value="C:\\Users\\User\\Katalon Studio\\EverleaguesMain\\Reports\\20220303_142952\\TS-Organization\\00-Signup and Account Activation\\20220303_142952\\execution0.log"/>
         <property name="attachments" value=""/>
         <property name="hostName" value="User - DESKTOP-QCRNR4M"/>
         <property name="os" value="Windows 10 64bit"/>
         <property name="katalonVersion" value="8.2.5.208"/>
         <property name="browser" value="Chrome 98.0.4758.102"/>
         <property name="hostAddress" value="192.168.5.53"/>
         <property name="sessionId" value="1976f857ff697de6ba9cf4aa7f231454"/>
         <property name="seleniumVersion" value="3.141.59"/>
         <property name="proxyInformation" value="ProxyInformation { proxyOption=NO_PROXY, proxyServerType=HTTP, username=, password=********, proxyServerAddress=, proxyServerPort=0, executionList=&quot;&quot;, isApplyToDesiredCapabilities=true }"/>
         <property name="platform" value="Windows 10"/>
      </properties>
      <testcase name="Test Cases/00-SignUp and Account Activation/01-Signup(Credentials Blank)" time="45.088" classname="Test Cases/00-SignUp and Account Activation/01-Signup(Credentials Blank)" status="PASSED">
         <system-out><![CDATA[2022-03-03 14:29:54 - [TEST_CASE][PASSED] - Test Cases/00-SignUp and Account Activation/01-Signup(Credentials Blank): Test Cases/00-SignUp and Account Activation/01-Signup(Credentials Blank)

2022-03-03 14:29:54 - [TEST_STEP][PASSED] - openBrowser(""): Browser is opened with url: ''

2022-03-03 14:29:55 - [MESSAGE][INFO] - Starting 'Chrome' driver

2022-03-03 14:29:55 - [MESSAGE][INFO] - Action delay is set to 0 milliseconds

2022-03-03 14:29:57 - [MESSAGE][PASSED] - Browser is opened with url: ''

2022-03-03 14:29:57 - [TEST_STEP][PASSED] - maximizeWindow(): Current window maximized

2022-03-03 14:29:57 - [MESSAGE][PASSED] - Current window maximized

2022-03-03 14:29:57 - [TEST_STEP][PASSED] - navigateToUrl("https://lab.everleagues.com/"): Navigate to 'https://lab.everleagues.com/' successfully

2022-03-03 14:30:29 - [MESSAGE][PASSED] - Navigate to 'https://lab.everleagues.com/' successfully

2022-03-03 14:30:29 - [TEST_STEP][PASSED] - click(findTestObject("00-Signup and Activation/span_Sign up")): Object: 'Object Repository/00-Signup and Activation/span_Sign up' is clicked on

2022-03-03 14:30:29 - [MESSAGE][PASSED] - Object: 'Object Repository/00-Signup and Activation/span_Sign up' is clicked on

2022-03-03 14:30:29 - [TEST_STEP][PASSED] - delay(3): Delayed 3 second(s)

2022-03-03 14:30:32 - [MESSAGE][PASSED] - Delayed 3 second(s)

2022-03-03 14:30:32 - [TEST_STEP][PASSED] - verifyElementVisible(findTestObject("00-Signup and Activation/div_Already have an account Log In")): Object 'Object Repository/00-Signup and Activation/div_Already have an account Log In' is visible

2022-03-03 14:30:33 - [MESSAGE][PASSED] - Object 'Object Repository/00-Signup and Activation/div_Already have an account Log In' is visible

2022-03-03 14:30:33 - [TEST_STEP][PASSED] - delay(3): Delayed 3 second(s)

2022-03-03 14:30:36 - [MESSAGE][PASSED] - Delayed 3 second(s)

2022-03-03 14:30:36 - [TEST_STEP][PASSED] - verifyElementNotClickable(findTestObject("00-Signup and Activation/button_Sign up")): Object 'Object Repository/00-Signup and Activation/button_Sign up' is NOT clickable

2022-03-03 14:30:36 - [MESSAGE][PASSED] - Object 'Object Repository/00-Signup and Activation/button_Sign up' is NOT clickable

2022-03-03 14:30:36 - [TEST_STEP][PASSED] - delay(3): Delayed 3 second(s)

2022-03-03 14:30:39 - [MESSAGE][PASSED] - Delayed 3 second(s)]]></system-out>
         <system-err><![CDATA[]]></system-err>
      </testcase>
      <testcase name="Test Cases/00-SignUp and Account Activation/02-Signup(Wrong email)" time="9.508" classname="Test Cases/00-SignUp and Account Activation/02-Signup(Wrong email)" status="PASSED">
         <system-out><![CDATA[2022-03-03 14:30:39 - [TEST_CASE][PASSED] - Test Cases/00-SignUp and Account Activation/02-Signup(Wrong email): Test Cases/00-SignUp and Account Activation/02-Signup(Wrong email)

2022-03-03 14:30:39 - [TEST_STEP][PASSED] - delay(3): Delayed 3 second(s)

2022-03-03 14:30:42 - [MESSAGE][PASSED] - Delayed 3 second(s)

2022-03-03 14:30:42 - [TEST_STEP][PASSED] - setText(findTestObject("00-Signup and Activation/input_Email"), "QATESTinvalidemailformat"): Text 'QATESTinvalidemailformat' is set on object 'Object Repository/00-Signup and Activation/input_Email'

2022-03-03 14:30:43 - [MESSAGE][PASSED] - Text 'QATESTinvalidemailformat' is set on object 'Object Repository/00-Signup and Activation/input_Email'

2022-03-03 14:30:43 - [TEST_STEP][PASSED] - delay(2): Delayed 2 second(s)

2022-03-03 14:30:45 - [MESSAGE][PASSED] - Delayed 2 second(s)

2022-03-03 14:30:45 - [TEST_STEP][PASSED] - click(findTestObject("00-Signup and Activation/input_firstName")): Object: 'Object Repository/00-Signup and Activation/input_firstName' is clicked on

2022-03-03 14:30:46 - [MESSAGE][PASSED] - Object: 'Object Repository/00-Signup and Activation/input_firstName' is clicked on

2022-03-03 14:30:46 - [TEST_STEP][PASSED] - verifyElementPresent(findTestObject("00-Signup and Activation/error_valid email is required"), 0): Object 'Object Repository/00-Signup and Activation/error_valid email is required' is present

2022-03-03 14:30:46 - [MESSAGE][WARNING] - Timeout '0' is invalid. Using default page load timeout: '30'

2022-03-03 14:30:46 - [MESSAGE][PASSED] - Object 'Object Repository/00-Signup and Activation/error_valid email is required' is present

2022-03-03 14:30:46 - [TEST_STEP][PASSED] - delay(0): Delayed 0 second(s)

2022-03-03 14:30:46 - [MESSAGE][PASSED] - Delayed 0 second(s)

2022-03-03 14:30:46 - [TEST_STEP][PASSED] - setText(findTestObject("00-Signup and Activation/input_Email"), "testuser01@mailinator.com"): Text 'testuser01@mailinator.com' is set on object 'Object Repository/00-Signup and Activation/input_Email'

2022-03-03 14:30:47 - [MESSAGE][PASSED] - Text 'testuser01@mailinator.com' is set on object 'Object Repository/00-Signup and Activation/input_Email'

2022-03-03 14:30:47 - [TEST_STEP][PASSED] - delay(0): Delayed 0 second(s)

2022-03-03 14:30:47 - [MESSAGE][PASSED] - Delayed 0 second(s)

2022-03-03 14:30:47 - [TEST_STEP][PASSED] - click(findTestObject("00-Signup and Activation/input_firstName")): Object: 'Object Repository/00-Signup and Activation/input_firstName' is clicked on

2022-03-03 14:30:48 - [MESSAGE][PASSED] - Object: 'Object Repository/00-Signup and Activation/input_firstName' is clicked on

2022-03-03 14:30:48 - [TEST_STEP][PASSED] - verifyElementVisible(findTestObject("00-Signup and Activation/error_email already exists")): Object 'Object Repository/00-Signup and Activation/error_email already exists' is visible

2022-03-03 14:30:49 - [MESSAGE][PASSED] - Object 'Object Repository/00-Signup and Activation/error_email already exists' is visible

2022-03-03 14:30:49 - [TEST_STEP][PASSED] - delay(0): Delayed 0 second(s)

2022-03-03 14:30:49 - [MESSAGE][PASSED] - Delayed 0 second(s)]]></system-out>
         <system-err><![CDATA[]]></system-err>
      </testcase>
      <testcase name="Test Cases/00-SignUp and Account Activation/03-Signup(Correct Details)" time="10.48" classname="Test Cases/00-SignUp and Account Activation/03-Signup(Correct Details)" status="PASSED">
         <system-out><![CDATA[2022-03-03 14:30:49 - [TEST_CASE][PASSED] - Test Cases/00-SignUp and Account Activation/03-Signup(Correct Details): Test Cases/00-SignUp and Account Activation/03-Signup(Correct Details)

2022-03-03 14:30:49 - [TEST_STEP][PASSED] - delay(2): Delayed 2 second(s)

2022-03-03 14:30:51 - [MESSAGE][PASSED] - Delayed 2 second(s)

2022-03-03 14:30:51 - [TEST_STEP][PASSED] - setText(findTestObject("00-Signup and Activation/input_Email"), "autotester12@mailinator.com"): Text 'autotester12@mailinator.com' is set on object 'Object Repository/00-Signup and Activation/input_Email'

2022-03-03 14:30:52 - [MESSAGE][PASSED] - Text 'autotester12@mailinator.com' is set on object 'Object Repository/00-Signup and Activation/input_Email'

2022-03-03 14:30:52 - [TEST_STEP][PASSED] - setText(findTestObject("00-Signup and Activation/input_firstName"), "GG"): Text 'GG' is set on object 'Object Repository/00-Signup and Activation/input_firstName'

2022-03-03 14:30:53 - [MESSAGE][PASSED] - Text 'GG' is set on object 'Object Repository/00-Signup and Activation/input_firstName'

2022-03-03 14:30:53 - [TEST_STEP][PASSED] - setText(findTestObject("00-Signup and Activation/input_lastName"), "tester"): Text 'tester' is set on object 'Object Repository/00-Signup and Activation/input_lastName'

2022-03-03 14:30:54 - [MESSAGE][PASSED] - Text 'tester' is set on object 'Object Repository/00-Signup and Activation/input_lastName'

2022-03-03 14:30:54 - [TEST_STEP][PASSED] - delay(2): Delayed 2 second(s)

2022-03-03 14:30:56 - [MESSAGE][PASSED] - Delayed 2 second(s)

2022-03-03 14:30:56 - [TEST_STEP][PASSED] - click(findTestObject("Object Repository/00-Signup and Activation/button_Sign up")): Object: 'Object Repository/00-Signup and Activation/button_Sign up' is clicked on

2022-03-03 14:30:57 - [MESSAGE][PASSED] - Object: 'Object Repository/00-Signup and Activation/button_Sign up' is clicked on

2022-03-03 14:30:57 - [TEST_STEP][PASSED] - delay(2): Delayed 2 second(s)

2022-03-03 14:30:59 - [MESSAGE][PASSED] - Delayed 2 second(s)

2022-03-03 14:30:59 - [TEST_STEP][PASSED] - closeBrowser(): Browser is closed

2022-03-03 14:30:59 - [MESSAGE][PASSED] - Browser is closed]]></system-out>
         <system-err><![CDATA[]]></system-err>
      </testcase>
      <testcase name="Test Cases/00-SignUp and Account Activation/04-Account Activation" time="19.253" classname="Test Cases/00-SignUp and Account Activation/04-Account Activation" status="PASSED">
         <system-out><![CDATA[2022-03-03 14:30:59 - [TEST_CASE][PASSED] - Test Cases/00-SignUp and Account Activation/04-Account Activation: Test Cases/00-SignUp and Account Activation/04-Account Activation

2022-03-03 14:30:59 - [TEST_STEP][PASSED] - delay(3): Delayed 3 second(s)

2022-03-03 14:31:02 - [MESSAGE][PASSED] - Delayed 3 second(s)

2022-03-03 14:31:02 - [TEST_STEP][PASSED] - openBrowser(""): Browser is opened with url: ''

2022-03-03 14:31:03 - [MESSAGE][INFO] - Starting 'Chrome' driver

2022-03-03 14:31:03 - [MESSAGE][INFO] - Action delay is set to 0 milliseconds

2022-03-03 14:31:04 - [MESSAGE][PASSED] - Browser is opened with url: ''

2022-03-03 14:31:04 - [TEST_STEP][PASSED] - maximizeWindow(): Current window maximized

2022-03-03 14:31:04 - [MESSAGE][PASSED] - Current window maximized

2022-03-03 14:31:04 - [TEST_STEP][PASSED] - navigateToUrl("https://www.mailinator.com/"): Navigate to 'https://www.mailinator.com/' successfully

2022-03-03 14:31:06 - [MESSAGE][PASSED] - Navigate to 'https://www.mailinator.com/' successfully

2022-03-03 14:31:06 - [TEST_STEP][PASSED] - delay(3): Delayed 3 second(s)

2022-03-03 14:31:09 - [MESSAGE][PASSED] - Delayed 3 second(s)

2022-03-03 14:31:09 - [TEST_STEP][PASSED] - setText(findTestObject("00-Signup and Activation/zMailinator/input_LOGIN_search"), "autotester12@mailinator.com"): Text 'autotester12@mailinator.com' is set on object 'Object Repository/00-Signup and Activation/zMailinator/input_LOGIN_search'

2022-03-03 14:31:10 - [MESSAGE][PASSED] - Text 'autotester12@mailinator.com' is set on object 'Object Repository/00-Signup and Activation/zMailinator/input_LOGIN_search'

2022-03-03 14:31:10 - [TEST_STEP][PASSED] - click(findTestObject("00-Signup and Activation/zMailinator/gobutton"), STOP_ON_FAILURE): Object: 'Object Repository/00-Signup and Activation/zMailinator/gobutton' is clicked on

2022-03-03 14:31:11 - [MESSAGE][PASSED] - Object: 'Object Repository/00-Signup and Activation/zMailinator/gobutton' is clicked on

2022-03-03 14:31:11 - [TEST_STEP][PASSED] - delay(3): Delayed 3 second(s)

2022-03-03 14:31:15 - [MESSAGE][PASSED] - Delayed 3 second(s)

2022-03-03 14:31:15 - [TEST_STEP][PASSED] - click(findTestObject("00-Signup and Activation/zMailinator/Email - everleagues")): Object: 'Object Repository/00-Signup and Activation/zMailinator/Email - everleagues' is clicked on

2022-03-03 14:31:15 - [MESSAGE][PASSED] - Object: 'Object Repository/00-Signup and Activation/zMailinator/Email - everleagues' is clicked on

2022-03-03 14:31:15 - [TEST_STEP][PASSED] - delay(3): Delayed 3 second(s)

2022-03-03 14:31:18 - [MESSAGE][PASSED] - Delayed 3 second(s)

2022-03-03 14:31:18 - [TEST_STEP][PASSED] - click(findTestObject("00-Signup and Activation/zMailinator/a_Activation link")): Object: 'Object Repository/00-Signup and Activation/zMailinator/a_Activation link' is clicked on

2022-03-03 14:31:18 - [MESSAGE][PASSED] - Object: 'Object Repository/00-Signup and Activation/zMailinator/a_Activation link' is clicked on]]></system-out>
         <system-err><![CDATA[]]></system-err>
      </testcase>
      <testcase name="Test Cases/00-SignUp and Account Activation/05-Set password" time="58.081" classname="Test Cases/00-SignUp and Account Activation/05-Set password" status="PASSED">
         <system-out><![CDATA[2022-03-03 14:31:18 - [TEST_CASE][PASSED] - Test Cases/00-SignUp and Account Activation/05-Set password: Test Cases/00-SignUp and Account Activation/05-Set password

2022-03-03 14:31:19 - [TEST_STEP][PASSED] - delay(3): Delayed 3 second(s)

2022-03-03 14:31:22 - [MESSAGE][PASSED] - Delayed 3 second(s)

2022-03-03 14:31:22 - [TEST_STEP][PASSED] - closeWindowTitle("Mailinator"): Window with title: 'Mailinator' is closed

2022-03-03 14:31:22 - [MESSAGE][PASSED] - Window with title: 'Mailinator' is closed

2022-03-03 14:31:22 - [TEST_STEP][PASSED] - delay(2): Delayed 2 second(s)

2022-03-03 14:31:24 - [MESSAGE][PASSED] - Delayed 2 second(s)

2022-03-03 14:31:24 - [TEST_STEP][PASSED] - switchToWindowIndex(0): Switched to window with index: '0'

2022-03-03 14:31:24 - [MESSAGE][PASSED] - Switched to window with index: '0'

2022-03-03 14:31:24 - [TEST_STEP][PASSED] - setEncryptedText(findTestObject("00-Signup and Activation/input_password"), "8yFRyszE6U6jvsCn51OQbg==", STOP_ON_FAILURE): Text ****** has been set on object 'Object Repository/00-Signup and Activation/input_password'

2022-03-03 14:31:47 - [MESSAGE][PASSED] - Text ****** has been set on object 'Object Repository/00-Signup and Activation/input_password'

2022-03-03 14:31:47 - [TEST_STEP][PASSED] - setEncryptedText(findTestObject("00-Signup and Activation/input_ConfirmPassword"), "8yFRyszE6U6jvsCn51OQbg==", STOP_ON_FAILURE): Text ****** has been set on object 'Object Repository/00-Signup and Activation/input_ConfirmPassword'

2022-03-03 14:31:48 - [MESSAGE][PASSED] - Text ****** has been set on object 'Object Repository/00-Signup and Activation/input_ConfirmPassword'

2022-03-03 14:31:48 - [TEST_STEP][PASSED] - delay(2): Delayed 2 second(s)

2022-03-03 14:31:50 - [MESSAGE][PASSED] - Delayed 2 second(s)

2022-03-03 14:31:50 - [TEST_STEP][PASSED] - click(findTestObject("00-Signup and Activation/show pass")): Object: 'Object Repository/00-Signup and Activation/show pass' is clicked on

2022-03-03 14:31:50 - [MESSAGE][PASSED] - Object: 'Object Repository/00-Signup and Activation/show pass' is clicked on

2022-03-03 14:31:50 - [TEST_STEP][PASSED] - click(findTestObject("00-Signup and Activation/show confirm pass")): Object: 'Object Repository/00-Signup and Activation/show confirm pass' is clicked on

2022-03-03 14:31:51 - [MESSAGE][PASSED] - Object: 'Object Repository/00-Signup and Activation/show confirm pass' is clicked on

2022-03-03 14:31:51 - [TEST_STEP][PASSED] - delay(2): Delayed 2 second(s)

2022-03-03 14:31:53 - [MESSAGE][PASSED] - Delayed 2 second(s)

2022-03-03 14:31:53 - [TEST_STEP][PASSED] - check(findTestObject("00-Signup and Activation/div_checkbox")): Object 'Object Repository/00-Signup and Activation/div_checkbox' is checked

2022-03-03 14:31:53 - [MESSAGE][PASSED] - Object 'Object Repository/00-Signup and Activation/div_checkbox' is checked

2022-03-03 14:31:53 - [TEST_STEP][PASSED] - delay(2): Delayed 2 second(s)

2022-03-03 14:31:55 - [MESSAGE][PASSED] - Delayed 2 second(s)

2022-03-03 14:31:55 - [TEST_STEP][PASSED] - click(findTestObject("00-Signup and Activation/button_Confirm")): Object: 'Object Repository/00-Signup and Activation/button_Confirm' is clicked on

2022-03-03 14:31:56 - [MESSAGE][PASSED] - Object: 'Object Repository/00-Signup and Activation/button_Confirm' is clicked on

2022-03-03 14:31:56 - [TEST_STEP][PASSED] - delay(2): Delayed 2 second(s)

2022-03-03 14:31:58 - [MESSAGE][PASSED] - Delayed 2 second(s)

2022-03-03 14:31:58 - [TEST_STEP][PASSED] - verifyElementVisible(findTestObject("00-Signup and Activation/h4_Welcome to Everleagues")): Object 'Object Repository/00-Signup and Activation/h4_Welcome to Everleagues' is visible

2022-03-03 14:32:07 - [MESSAGE][PASSED] - Object 'Object Repository/00-Signup and Activation/h4_Welcome to Everleagues' is visible

2022-03-03 14:32:07 - [TEST_STEP][PASSED] - verifyElementVisible(findTestObject("00-Signup and Activation/span_CREATE A BUSINESS ORGANIZATION")): Object 'Object Repository/00-Signup and Activation/span_CREATE A BUSINESS ORGANIZATION' is visible

2022-03-03 14:32:07 - [MESSAGE][PASSED] - Object 'Object Repository/00-Signup and Activation/span_CREATE A BUSINESS ORGANIZATION' is visible

2022-03-03 14:32:07 - [TEST_STEP][PASSED] - verifyElementVisible(findTestObject("00-Signup and Activation/span_INVITE FRIENDS  FAMILY")): Object 'Object Repository/00-Signup and Activation/span_INVITE FRIENDS  FAMILY' is visible

2022-03-03 14:32:07 - [MESSAGE][PASSED] - Object 'Object Repository/00-Signup and Activation/span_INVITE FRIENDS  FAMILY' is visible

2022-03-03 14:32:07 - [TEST_STEP][PASSED] - delay(3): Delayed 3 second(s)

2022-03-03 14:32:10 - [MESSAGE][PASSED] - Delayed 3 second(s)

2022-03-03 14:32:10 - [TEST_STEP][PASSED] - click(findTestObject("00-Signup and Activation/button_DO THIS LATER")): Object: 'Object Repository/00-Signup and Activation/button_DO THIS LATER' is clicked on

2022-03-03 14:32:11 - [MESSAGE][PASSED] - Object: 'Object Repository/00-Signup and Activation/button_DO THIS LATER' is clicked on

2022-03-03 14:32:11 - [TEST_STEP][PASSED] - delay(2): Delayed 2 second(s)

2022-03-03 14:32:13 - [MESSAGE][PASSED] - Delayed 2 second(s)

2022-03-03 14:32:13 - [TEST_STEP][PASSED] - verifyElementVisible(findTestObject("00-Signup and Activation/Create your first organization Card")): Object 'Object Repository/00-Signup and Activation/Create your first organization Card' is visible

2022-03-03 14:32:13 - [MESSAGE][PASSED] - Object 'Object Repository/00-Signup and Activation/Create your first organization Card' is visible

2022-03-03 14:32:13 - [TEST_STEP][PASSED] - verifyElementVisible(findTestObject("00-Signup and Activation/Still not sure where to start Card")): Object 'Object Repository/00-Signup and Activation/Still not sure where to start Card' is visible

2022-03-03 14:32:13 - [MESSAGE][PASSED] - Object 'Object Repository/00-Signup and Activation/Still not sure where to start Card' is visible

2022-03-03 14:32:13 - [TEST_STEP][PASSED] - verifyElementVisible(findTestObject("00-Signup and Activation/Welcome to Everleagues Card")): Object 'Object Repository/00-Signup and Activation/Welcome to Everleagues Card' is visible

2022-03-03 14:32:14 - [MESSAGE][PASSED] - Object 'Object Repository/00-Signup and Activation/Welcome to Everleagues Card' is visible

2022-03-03 14:32:14 - [TEST_STEP][PASSED] - delay(2): Delayed 2 second(s)

2022-03-03 14:32:16 - [MESSAGE][PASSED] - Delayed 2 second(s)

2022-03-03 14:32:16 - [TEST_STEP][PASSED] - closeBrowser(): Browser is closed

2022-03-03 14:32:17 - [MESSAGE][PASSED] - Browser is closed]]></system-out>
         <system-err><![CDATA[]]></system-err>
      </testcase>
      <system-out><![CDATA[2022-03-03 14:29:54 - [TEST_SUITE][PASSED] - 00-Signup and Account Activation: Test Cases/00-SignUp and Account Activation/05-Set password]]></system-out>
      <system-err><![CDATA[]]></system-err>
   </testsuite>
</testsuites>
